ID	Date	Deepness	Action	Text	Duration*	Errors*	Warnings*
1	2017/01/27 11:22:08.676	1	Start	TxAPI
2	2017/01/27 11:22:08.677	2	Start	App: D:\CodeBASSETTI\Branches\4.0.0\Code\Ready To Use\Core\TxUpgrade.exe
2	2017/01/27 11:22:08.677	2	End		0	0	0
3	2017/01/27 11:22:08.677	2	Start	Lib: D:\CodeBASSETTI\Branches\4.0.0\Code\Ready To Use\Core\Dlls\TxAPI.dll
3	2017/01/27 11:22:08.677	2	End		0	0	0
1	2017/01/27 11:22:08.677	1	End	TQTable.Drop-La table 'tmpSearchResults_5777_4' n'existe pas	0	1	0
4	2017/01/27 11:22:08.677	1	Start	TxAPI
5	2017/01/27 11:22:08.677	2	Start	App: D:\CodeBASSETTI\Branches\4.0.0\Code\Ready To Use\Core\TxUpgrade.exe
5	2017/01/27 11:22:08.677	2	End		0	0	0
6	2017/01/27 11:22:08.678	2	Start	Lib: D:\CodeBASSETTI\Branches\4.0.0\Code\Ready To Use\Core\Dlls\TxAPI.dll
6	2017/01/27 11:22:08.678	2	End		0	0	0
4	2017/01/27 11:22:08.678	1	End	TQTable.Drop-La table 'tmpSearchResults_5777_4' n'existe pas	1,15760485641658E-8	1	0
7	2017/01/27 11:22:08.679	1	Start	TxAPI
8	2017/01/27 11:22:08.679	2	Start	App: D:\CodeBASSETTI\Branches\4.0.0\Code\Ready To Use\Core\TxUpgrade.exe
8	2017/01/27 11:22:08.679	2	End		0	0	0
9	2017/01/27 11:22:08.679	2	Start	Lib: D:\CodeBASSETTI\Branches\4.0.0\Code\Ready To Use\Core\Dlls\TxAPI.dll
9	2017/01/27 11:22:08.679	2	End		0	0	0
7	2017/01/27 11:22:08.679	1	End	TQTable.Drop-La table 'tmpSearchResults_5777_3' n'existe pas	0	1	0
10	2017/01/27 11:22:08.679	1	Start	TxAPI
11	2017/01/27 11:22:08.680	2	Start	App: D:\CodeBASSETTI\Branches\4.0.0\Code\Ready To Use\Core\TxUpgrade.exe
11	2017/01/27 11:22:08.680	2	End		0	0	0
12	2017/01/27 11:22:08.680	2	Start	Lib: D:\CodeBASSETTI\Branches\4.0.0\Code\Ready To Use\Core\Dlls\TxAPI.dll
12	2017/01/27 11:22:08.680	2	End		0	0	0
10	2017/01/27 11:22:08.680	1	End	TQTable.Drop-La table 'tmpSearchResults_5777_3' n'existe pas	0	1	0
13	2017/01/27 11:22:08.681	1	Start	TxAPI
14	2017/01/27 11:22:08.681	2	Start	App: D:\CodeBASSETTI\Branches\4.0.0\Code\Ready To Use\Core\TxUpgrade.exe
14	2017/01/27 11:22:08.681	2	End		0	0	0
15	2017/01/27 11:22:08.681	2	Start	Lib: D:\CodeBASSETTI\Branches\4.0.0\Code\Ready To Use\Core\Dlls\TxAPI.dll
15	2017/01/27 11:22:08.681	2	End		0	0	0
13	2017/01/27 11:22:08.681	1	End	TQTable.Drop-La table 'tmpObject_5777_10' n'existe pas	0	1	0
16	2017/01/27 11:22:08.681	1	Start	TxAPI
17	2017/01/27 11:22:08.681	2	Start	App: D:\CodeBASSETTI\Branches\4.0.0\Code\Ready To Use\Core\TxUpgrade.exe
17	2017/01/27 11:22:08.681	2	End		0	0	0
18	2017/01/27 11:22:08.681	2	Start	Lib: D:\CodeBASSETTI\Branches\4.0.0\Code\Ready To Use\Core\Dlls\TxAPI.dll
18	2017/01/27 11:22:08.681	2	End		0	0	0
16	2017/01/27 11:22:08.682	1	End	TQTable.Drop-La table 'tmpObject_5777_10' n'existe pas	1,15760485641658E-8	1	0
19	2017/01/27 11:22:08.682	1	Start	TxAPI
20	2017/01/27 11:22:08.682	2	Start	App: D:\CodeBASSETTI\Branches\4.0.0\Code\Ready To Use\Core\TxUpgrade.exe
20	2017/01/27 11:22:08.682	2	End		0	0	0
21	2017/01/27 11:22:08.683	2	Start	Lib: D:\CodeBASSETTI\Branches\4.0.0\Code\Ready To Use\Core\Dlls\TxAPI.dll
21	2017/01/27 11:22:08.683	2	End		0	0	0
19	2017/01/27 11:22:08.683	1	End	TQTable.Drop-La table 'tmpObject_5777_9' n'existe pas	1,15760485641658E-8	1	0
22	2017/01/27 11:22:08.683	1	Start	TxAPI
23	2017/01/27 11:22:08.683	2	Start	App: D:\CodeBASSETTI\Branches\4.0.0\Code\Ready To Use\Core\TxUpgrade.exe
23	2017/01/27 11:22:08.683	2	End		0	0	0
24	2017/01/27 11:22:08.683	2	Start	Lib: D:\CodeBASSETTI\Branches\4.0.0\Code\Ready To Use\Core\Dlls\TxAPI.dll
24	2017/01/27 11:22:08.683	2	End		0	0	0
22	2017/01/27 11:22:08.683	1	End	TQTable.Drop-La table 'tmpObject_5777_9' n'existe pas	0	1	0
25	2017/01/27 11:22:08.684	1	Start	TxAPI
26	2017/01/27 11:22:08.684	2	Start	App: D:\CodeBASSETTI\Branches\4.0.0\Code\Ready To Use\Core\TxUpgrade.exe
26	2017/01/27 11:22:08.684	2	End		0	0	0
27	2017/01/27 11:22:08.684	2	Start	Lib: D:\CodeBASSETTI\Branches\4.0.0\Code\Ready To Use\Core\Dlls\TxAPI.dll
27	2017/01/27 11:22:08.684	2	End		0	0	0
25	2017/01/27 11:22:08.684	1	End	TQTable.Drop-La table 'tmpObject_5777_8' n'existe pas	0	1	0
28	2017/01/27 11:22:08.684	1	Start	TxAPI
29	2017/01/27 11:22:08.685	2	Start	App: D:\CodeBASSETTI\Branches\4.0.0\Code\Ready To Use\Core\TxUpgrade.exe
29	2017/01/27 11:22:08.685	2	End		0	0	0
30	2017/01/27 11:22:08.685	2	Start	Lib: D:\CodeBASSETTI\Branches\4.0.0\Code\Ready To Use\Core\Dlls\TxAPI.dll
30	2017/01/27 11:22:08.685	2	End		0	0	0
28	2017/01/27 11:22:08.685	1	End	TQTable.Drop-La table 'tmpObject_5777_8' n'existe pas	0	1	0
31	2017/01/27 11:22:08.685	1	Start	TxAPI
32	2017/01/27 11:22:08.685	2	Start	App: D:\CodeBASSETTI\Branches\4.0.0\Code\Ready To Use\Core\TxUpgrade.exe
32	2017/01/27 11:22:08.686	2	End		0	0	0
33	2017/01/27 11:22:08.686	2	Start	Lib: D:\CodeBASSETTI\Branches\4.0.0\Code\Ready To Use\Core\Dlls\TxAPI.dll
33	2017/01/27 11:22:08.686	2	End		0	0	0
31	2017/01/27 11:22:08.686	1	End	TQTable.Drop-La table 'tmpObject_5777_7' n'existe pas	1,15760485641658E-8	1	0
34	2017/01/27 11:22:08.686	1	Start	TxAPI
35	2017/01/27 11:22:08.686	2	Start	App: D:\CodeBASSETTI\Branches\4.0.0\Code\Ready To Use\Core\TxUpgrade.exe
35	2017/01/27 11:22:08.686	2	End		0	0	0
36	2017/01/27 11:22:08.686	2	Start	Lib: D:\CodeBASSETTI\Branches\4.0.0\Code\Ready To Use\Core\Dlls\TxAPI.dll
36	2017/01/27 11:22:08.686	2	End		0	0	0
34	2017/01/27 11:22:08.686	1	End	TQTable.Drop-La table 'tmpObject_5777_7' n'existe pas	0	1	0
37	2017/01/27 11:22:08.687	1	Start	TxAPI
38	2017/01/27 11:22:08.687	2	Start	App: D:\CodeBASSETTI\Branches\4.0.0\Code\Ready To Use\Core\TxUpgrade.exe
38	2017/01/27 11:22:08.687	2	End		0	0	0
39	2017/01/27 11:22:08.687	2	Start	Lib: D:\CodeBASSETTI\Branches\4.0.0\Code\Ready To Use\Core\Dlls\TxAPI.dll
39	2017/01/27 11:22:08.687	2	End		0	0	0
37	2017/01/27 11:22:08.687	1	End	TQTable.Drop-La table 'tmpObject_5777_6' n'existe pas	0	1	0
40	2017/01/27 11:22:08.687	1	Start	TxAPI
41	2017/01/27 11:22:08.687	2	Start	App: D:\CodeBASSETTI\Branches\4.0.0\Code\Ready To Use\Core\TxUpgrade.exe
41	2017/01/27 11:22:08.688	2	End		0	0	0
42	2017/01/27 11:22:08.688	2	Start	Lib: D:\CodeBASSETTI\Branches\4.0.0\Code\Ready To Use\Core\Dlls\TxAPI.dll
42	2017/01/27 11:22:08.688	2	End		0	0	0
40	2017/01/27 11:22:08.688	1	End	TQTable.Drop-La table 'tmpObject_5777_6' n'existe pas	1,15760485641658E-8	1	0
43	2017/01/27 11:22:08.688	1	Start	TxAPI
44	2017/01/27 11:22:08.688	2	Start	App: D:\CodeBASSETTI\Branches\4.0.0\Code\Ready To Use\Core\TxUpgrade.exe
44	2017/01/27 11:22:08.689	2	End		0	0	0
45	2017/01/27 11:22:08.689	2	Start	Lib: D:\CodeBASSETTI\Branches\4.0.0\Code\Ready To Use\Core\Dlls\TxAPI.dll
45	2017/01/27 11:22:08.689	2	End		0	0	0
43	2017/01/27 11:22:08.689	1	End	TQTable.Drop-La table 'tmpLink_5777_4' n'existe pas	1,15760485641658E-8	1	0
46	2017/01/27 11:22:08.689	1	Start	TxAPI
47	2017/01/27 11:22:08.689	2	Start	App: D:\CodeBASSETTI\Branches\4.0.0\Code\Ready To Use\Core\TxUpgrade.exe
47	2017/01/27 11:22:08.689	2	End		0	0	0
48	2017/01/27 11:22:08.689	2	Start	Lib: D:\CodeBASSETTI\Branches\4.0.0\Code\Ready To Use\Core\Dlls\TxAPI.dll
48	2017/01/27 11:22:08.689	2	End		0	0	0
46	2017/01/27 11:22:08.689	1	End	TQTable.Drop-La table 'tmpLink_5777_4' n'existe pas	0	1	0
49	2017/01/27 11:22:08.690	1	Start	TxAPI
50	2017/01/27 11:22:08.690	2	Start	App: D:\CodeBASSETTI\Branches\4.0.0\Code\Ready To Use\Core\TxUpgrade.exe
50	2017/01/27 11:22:08.690	2	End		0	0	0
51	2017/01/27 11:22:08.690	2	Start	Lib: D:\CodeBASSETTI\Branches\4.0.0\Code\Ready To Use\Core\Dlls\TxAPI.dll
51	2017/01/27 11:22:08.690	2	End		0	0	0
49	2017/01/27 11:22:08.690	1	End	TQTable.Drop-La table 'tmpLink_5777_3' n'existe pas	0	1	0
52	2017/01/27 11:22:08.690	1	Start	TxAPI
53	2017/01/27 11:22:08.690	2	Start	App: D:\CodeBASSETTI\Branches\4.0.0\Code\Ready To Use\Core\TxUpgrade.exe
53	2017/01/27 11:22:08.691	2	End		0	0	0
54	2017/01/27 11:22:08.691	2	Start	Lib: D:\CodeBASSETTI\Branches\4.0.0\Code\Ready To Use\Core\Dlls\TxAPI.dll
54	2017/01/27 11:22:08.691	2	End		0	0	0
52	2017/01/27 11:22:08.691	1	End	TQTable.Drop-La table 'tmpLink_5777_3' n'existe pas	1,15687726065516E-8	1	0
55	2017/01/27 11:22:08.691	1	Start	TxAPI
56	2017/01/27 11:22:08.691	2	Start	App: D:\CodeBASSETTI\Branches\4.0.0\Code\Ready To Use\Core\TxUpgrade.exe
56	2017/01/27 11:22:08.692	2	End		0	0	0
57	2017/01/27 11:22:08.692	2	Start	Lib: D:\CodeBASSETTI\Branches\4.0.0\Code\Ready To Use\Core\Dlls\TxAPI.dll
57	2017/01/27 11:22:08.692	2	End		0	0	0
55	2017/01/27 11:22:08.692	1	End	TQTable.Drop-La table 'tmpAttribute_5777_2' n'existe pas	1,15760485641658E-8	1	0
58	2017/01/27 11:22:08.692	1	Start	TxAPI
59	2017/01/27 11:22:08.692	2	Start	App: D:\CodeBASSETTI\Branches\4.0.0\Code\Ready To Use\Core\TxUpgrade.exe
59	2017/01/27 11:22:08.692	2	End		0	0	0
60	2017/01/27 11:22:08.692	2	Start	Lib: D:\CodeBASSETTI\Branches\4.0.0\Code\Ready To Use\Core\Dlls\TxAPI.dll
60	2017/01/27 11:22:08.692	2	End		0	0	0
58	2017/01/27 11:22:08.692	1	End	TQTable.Drop-La table 'tmpAttribute_5777_2' n'existe pas	0	1	0
61	2017/01/27 11:22:08.711	1	Start	TxAPI
62	2017/01/27 11:22:08.712	2	Start	App: D:\CodeBASSETTI\Branches\4.0.0\Code\Ready To Use\Core\TxUpgrade.exe
62	2017/01/27 11:22:08.712	2	End		0	0	0
63	2017/01/27 11:22:08.712	2	Start	Lib: D:\CodeBASSETTI\Branches\4.0.0\Code\Ready To Use\Core\Dlls\TxAPI.dll
63	2017/01/27 11:22:08.712	2	End		0	0	0
61	2017/01/27 11:22:08.712	1	End	TQTable.Drop-L'enregistrement est supprimé	1,15760485641658E-8	1	0
64	2017/01/27 11:22:08.712	1	Start	TxAPI
65	2017/01/27 11:22:08.713	2	Start	App: D:\CodeBASSETTI\Branches\4.0.0\Code\Ready To Use\Core\TxUpgrade.exe
65	2017/01/27 11:22:08.713	2	End		0	0	0
66	2017/01/27 11:22:08.713	2	Start	Lib: D:\CodeBASSETTI\Branches\4.0.0\Code\Ready To Use\Core\Dlls\TxAPI.dll
66	2017/01/27 11:22:08.713	2	End		0	0	0
64	2017/01/27 11:22:08.713	1	End	TQTable.Drop-L'enregistrement est supprimé	0	1	0
67	2017/01/27 11:22:08.714	1	Start	TxAPI
68	2017/01/27 11:22:08.714	2	Start	App: D:\CodeBASSETTI\Branches\4.0.0\Code\Ready To Use\Core\TxUpgrade.exe
68	2017/01/27 11:22:08.714	2	End		0	0	0
69	2017/01/27 11:22:08.714	2	Start	Lib: D:\CodeBASSETTI\Branches\4.0.0\Code\Ready To Use\Core\Dlls\TxAPI.dll
69	2017/01/27 11:22:08.714	2	End		0	0	0
67	2017/01/27 11:22:08.714	1	End	TQTable.Drop-La table 'tmpSearchResults_5777_1' n'existe pas	0	1	0
70	2017/01/27 11:22:08.715	1	Start	TxAPI
71	2017/01/27 11:22:08.715	2	Start	App: D:\CodeBASSETTI\Branches\4.0.0\Code\Ready To Use\Core\TxUpgrade.exe
71	2017/01/27 11:22:08.715	2	End		0	0	0
72	2017/01/27 11:22:08.715	2	Start	Lib: D:\CodeBASSETTI\Branches\4.0.0\Code\Ready To Use\Core\Dlls\TxAPI.dll
72	2017/01/27 11:22:08.715	2	End		0	0	0
70	2017/01/27 11:22:08.715	1	End	TQTable.Drop-La table 'tmpSearchResults_5777_1' n'existe pas	0	1	0
73	2017/01/27 11:22:08.715	1	Start	TxAPI
74	2017/01/27 11:22:08.716	2	Start	App: D:\CodeBASSETTI\Branches\4.0.0\Code\Ready To Use\Core\TxUpgrade.exe
74	2017/01/27 11:22:08.716	2	End		0	0	0
75	2017/01/27 11:22:08.716	2	Start	Lib: D:\CodeBASSETTI\Branches\4.0.0\Code\Ready To Use\Core\Dlls\TxAPI.dll
75	2017/01/27 11:22:08.716	2	End		0	0	0
73	2017/01/27 11:22:08.716	1	End	TQTable.Drop-La table 'tmpObject_5777_5' n'existe pas	0	1	0
76	2017/01/27 11:22:08.716	1	Start	TxAPI
77	2017/01/27 11:22:08.716	2	Start	App: D:\CodeBASSETTI\Branches\4.0.0\Code\Ready To Use\Core\TxUpgrade.exe
77	2017/01/27 11:22:08.716	2	End		0	0	0
78	2017/01/27 11:22:08.716	2	Start	Lib: D:\CodeBASSETTI\Branches\4.0.0\Code\Ready To Use\Core\Dlls\TxAPI.dll
78	2017/01/27 11:22:08.716	2	End		0	0	0
76	2017/01/27 11:22:08.717	1	End	TQTable.Drop-La table 'tmpObject_5777_5' n'existe pas	1,15687726065516E-8	1	0
79	2017/01/27 11:22:08.717	1	Start	TxAPI
80	2017/01/27 11:22:08.717	2	Start	App: D:\CodeBASSETTI\Branches\4.0.0\Code\Ready To Use\Core\TxUpgrade.exe
80	2017/01/27 11:22:08.717	2	End		0	0	0
81	2017/01/27 11:22:08.717	2	Start	Lib: D:\CodeBASSETTI\Branches\4.0.0\Code\Ready To Use\Core\Dlls\TxAPI.dll
81	2017/01/27 11:22:08.717	2	End		0	0	0
79	2017/01/27 11:22:08.717	1	End	TQTable.Drop-La table 'tmpObject_5777_4' n'existe pas	0	1	0
82	2017/01/27 11:22:08.718	1	Start	TxAPI
83	2017/01/27 11:22:08.718	2	Start	App: D:\CodeBASSETTI\Branches\4.0.0\Code\Ready To Use\Core\TxUpgrade.exe
83	2017/01/27 11:22:08.718	2	End		0	0	0
84	2017/01/27 11:22:08.718	2	Start	Lib: D:\CodeBASSETTI\Branches\4.0.0\Code\Ready To Use\Core\Dlls\TxAPI.dll
84	2017/01/27 11:22:08.718	2	End		0	0	0
82	2017/01/27 11:22:08.718	1	End	TQTable.Drop-La table 'tmpObject_5777_4' n'existe pas	0	1	0
85	2017/01/27 11:22:08.718	1	Start	TxAPI
86	2017/01/27 11:22:08.719	2	Start	App: D:\CodeBASSETTI\Branches\4.0.0\Code\Ready To Use\Core\TxUpgrade.exe
86	2017/01/27 11:22:08.719	2	End		0	0	0
87	2017/01/27 11:22:08.719	2	Start	Lib: D:\CodeBASSETTI\Branches\4.0.0\Code\Ready To Use\Core\Dlls\TxAPI.dll
87	2017/01/27 11:22:08.719	2	End		0	0	0
85	2017/01/27 11:22:08.719	1	End	TQTable.Drop-La table 'tmpObject_5777_3' n'existe pas	0	1	0
88	2017/01/27 11:22:08.719	1	Start	TxAPI
89	2017/01/27 11:22:08.719	2	Start	App: D:\CodeBASSETTI\Branches\4.0.0\Code\Ready To Use\Core\TxUpgrade.exe
89	2017/01/27 11:22:08.719	2	End		0	0	0
90	2017/01/27 11:22:08.719	2	Start	Lib: D:\CodeBASSETTI\Branches\4.0.0\Code\Ready To Use\Core\Dlls\TxAPI.dll
90	2017/01/27 11:22:08.719	2	End		0	0	0
88	2017/01/27 11:22:08.719	1	End	TQTable.Drop-La table 'tmpObject_5777_3' n'existe pas	0	1	0
91	2017/01/27 11:22:08.720	1	Start	TxAPI
92	2017/01/27 11:22:08.720	2	Start	App: D:\CodeBASSETTI\Branches\4.0.0\Code\Ready To Use\Core\TxUpgrade.exe
92	2017/01/27 11:22:08.720	2	End		0	0	0
93	2017/01/27 11:22:08.720	2	Start	Lib: D:\CodeBASSETTI\Branches\4.0.0\Code\Ready To Use\Core\Dlls\TxAPI.dll
93	2017/01/27 11:22:08.720	2	End		0	0	0
91	2017/01/27 11:22:08.720	1	End	TQTable.Drop-La table 'tmpObject_5777_2' n'existe pas	0	1	0
94	2017/01/27 11:22:08.721	1	Start	TxAPI
95	2017/01/27 11:22:08.721	2	Start	App: D:\CodeBASSETTI\Branches\4.0.0\Code\Ready To Use\Core\TxUpgrade.exe
95	2017/01/27 11:22:08.721	2	End		0	0	0
96	2017/01/27 11:22:08.721	2	Start	Lib: D:\CodeBASSETTI\Branches\4.0.0\Code\Ready To Use\Core\Dlls\TxAPI.dll
96	2017/01/27 11:22:08.721	2	End		0	0	0
94	2017/01/27 11:22:08.721	1	End	TQTable.Drop-La table 'tmpObject_5777_2' n'existe pas	0	1	0
97	2017/01/27 11:22:08.721	1	Start	TxAPI
98	2017/01/27 11:22:08.721	2	Start	App: D:\CodeBASSETTI\Branches\4.0.0\Code\Ready To Use\Core\TxUpgrade.exe
98	2017/01/27 11:22:08.722	2	End		0	0	0
99	2017/01/27 11:22:08.722	2	Start	Lib: D:\CodeBASSETTI\Branches\4.0.0\Code\Ready To Use\Core\Dlls\TxAPI.dll
99	2017/01/27 11:22:08.722	2	End		0	0	0
97	2017/01/27 11:22:08.722	1	End	TQTable.Drop-La table 'tmpObject_5777_1' n'existe pas	1,15760485641658E-8	1	0
100	2017/01/27 11:22:08.722	1	Start	TxAPI
101	2017/01/27 11:22:08.722	2	Start	App: D:\CodeBASSETTI\Branches\4.0.0\Code\Ready To Use\Core\TxUpgrade.exe
101	2017/01/27 11:22:08.722	2	End		0	0	0
102	2017/01/27 11:22:08.722	2	Start	Lib: D:\CodeBASSETTI\Branches\4.0.0\Code\Ready To Use\Core\Dlls\TxAPI.dll
102	2017/01/27 11:22:08.722	2	End		0	0	0
100	2017/01/27 11:22:08.722	1	End	TQTable.Drop-La table 'tmpObject_5777_1' n'existe pas	0	1	0
103	2017/01/27 11:22:08.723	1	Start	TxAPI
104	2017/01/27 11:22:08.723	2	Start	App: D:\CodeBASSETTI\Branches\4.0.0\Code\Ready To Use\Core\TxUpgrade.exe
104	2017/01/27 11:22:08.723	2	End		0	0	0
105	2017/01/27 11:22:08.723	2	Start	Lib: D:\CodeBASSETTI\Branches\4.0.0\Code\Ready To Use\Core\Dlls\TxAPI.dll
105	2017/01/27 11:22:08.723	2	End		0	0	0
103	2017/01/27 11:22:08.723	1	End	TQTable.Drop-La table 'tmpLink_5777_2' n'existe pas	0	1	0
106	2017/01/27 11:22:08.723	1	Start	TxAPI
107	2017/01/27 11:22:08.723	2	Start	App: D:\CodeBASSETTI\Branches\4.0.0\Code\Ready To Use\Core\TxUpgrade.exe
107	2017/01/27 11:22:08.724	2	End		0	0	0
108	2017/01/27 11:22:08.724	2	Start	Lib: D:\CodeBASSETTI\Branches\4.0.0\Code\Ready To Use\Core\Dlls\TxAPI.dll
108	2017/01/27 11:22:08.724	2	End		0	0	0
106	2017/01/27 11:22:08.724	1	End	TQTable.Drop-La table 'tmpLink_5777_2' n'existe pas	1,15687726065516E-8	1	0
109	2017/01/27 11:22:08.724	1	Start	TxAPI
110	2017/01/27 11:22:08.724	2	Start	App: D:\CodeBASSETTI\Branches\4.0.0\Code\Ready To Use\Core\TxUpgrade.exe
110	2017/01/27 11:22:08.725	2	End		0	0	0
111	2017/01/27 11:22:08.725	2	Start	Lib: D:\CodeBASSETTI\Branches\4.0.0\Code\Ready To Use\Core\Dlls\TxAPI.dll
111	2017/01/27 11:22:08.725	2	End		0	0	0
109	2017/01/27 11:22:08.725	1	End	TQTable.Drop-La table 'tmpLink_5777_1' n'existe pas	1,15760485641658E-8	1	0
112	2017/01/27 11:22:08.725	1	Start	TxAPI
113	2017/01/27 11:22:08.725	2	Start	App: D:\CodeBASSETTI\Branches\4.0.0\Code\Ready To Use\Core\TxUpgrade.exe
113	2017/01/27 11:22:08.725	2	End		0	0	0
114	2017/01/27 11:22:08.725	2	Start	Lib: D:\CodeBASSETTI\Branches\4.0.0\Code\Ready To Use\Core\Dlls\TxAPI.dll
114	2017/01/27 11:22:08.725	2	End		0	0	0
112	2017/01/27 11:22:08.725	1	End	TQTable.Drop-La table 'tmpLink_5777_1' n'existe pas	0	1	0
115	2017/01/27 11:22:08.726	1	Start	TxAPI
116	2017/01/27 11:22:08.726	2	Start	App: D:\CodeBASSETTI\Branches\4.0.0\Code\Ready To Use\Core\TxUpgrade.exe
116	2017/01/27 11:22:08.726	2	End		0	0	0
117	2017/01/27 11:22:08.726	2	Start	Lib: D:\CodeBASSETTI\Branches\4.0.0\Code\Ready To Use\Core\Dlls\TxAPI.dll
117	2017/01/27 11:22:08.726	2	End		0	0	0
115	2017/01/27 11:22:08.726	1	End	TQTable.Drop-La table 'tmpAttribute_5777_1' n'existe pas	0	1	0
118	2017/01/27 11:22:08.726	1	Start	TxAPI
119	2017/01/27 11:22:08.726	2	Start	App: D:\CodeBASSETTI\Branches\4.0.0\Code\Ready To Use\Core\TxUpgrade.exe
119	2017/01/27 11:22:08.727	2	End		0	0	0
120	2017/01/27 11:22:08.727	2	Start	Lib: D:\CodeBASSETTI\Branches\4.0.0\Code\Ready To Use\Core\Dlls\TxAPI.dll
120	2017/01/27 11:22:08.727	2	End		0	0	0
118	2017/01/27 11:22:08.727	1	End	TQTable.Drop-La table 'tmpAttribute_5777_1' n'existe pas	1,15760485641658E-8	1	0
